C:\STUDENT\NUS\WZORZEC\PROJECT\DEBUG\MTRACKERCONSOLE.PCH
C:\STUDENT\NUS\WZORZEC\PROJECT\DEBUG\STDAFX.OBJ
C:\STUDENT\NUS\WZORZEC\PROJECT\DEBUG\VC110.PDB
C:\STUDENT\NUS\WZORZEC\PROJECT\DEBUG\CONTROLLER.OBJ
C:\STUDENT\NUS\WZORZEC\PROJECT\DEBUG\CRC16.OBJ
C:\STUDENT\NUS\WZORZEC\PROJECT\DEBUG\MTRACKERCOMMANDS.OBJ
C:\STUDENT\NUS\WZORZEC\PROJECT\DEBUG\MTRACKERCONSOLE.OBJ
C:\STUDENT\NUS\WZORZEC\PROJECT\DEBUG\MTRACKERCONSOLEDLG.OBJ
C:\STUDENT\NUS\WZORZEC\PROJECT\DEBUG\WINCOM.OBJ
C:\STUDENT\NUS\WZORZEC\DEBUG\MTRACKERCONSOLE.ILK
C:\STUDENT\NUS\WZORZEC\DEBUG\MTRACKERCONSOLE.EXE
C:\STUDENT\NUS\WZORZEC\DEBUG\MTRACKERCONSOLE.PDB
C:\STUDENT\NUS\WZORZEC\PROJECT\DEBUG\MTRACKERCONSOLE.RES
c:\student\nus\wzorzec\project\Debug\controller.obj
c:\student\nus\wzorzec\project\Debug\crc16.obj
c:\student\nus\wzorzec\project\Debug\MTrackerCommands.obj
c:\student\nus\wzorzec\project\Debug\MTrackerConsole.obj
c:\student\nus\wzorzec\project\Debug\MTrackerConsoleDlg.obj
c:\student\nus\wzorzec\project\Debug\stdafx.obj
c:\student\nus\wzorzec\project\Debug\WinCom.obj
c:\student\nus\wzorzec\project\Debug\cl.command.1.tlog
c:\student\nus\wzorzec\project\Debug\CL.read.1.tlog
c:\student\nus\wzorzec\project\Debug\CL.write.1.tlog
c:\student\nus\wzorzec\project\Debug\link-cvtres.read.1.tlog
c:\student\nus\wzorzec\project\Debug\link-cvtres.write.1.tlog
c:\student\nus\wzorzec\project\Debug\link-mt.read.1.tlog
c:\student\nus\wzorzec\project\Debug\link-mt.write.1.tlog
c:\student\nus\wzorzec\project\Debug\link-rc.read.1.tlog
c:\student\nus\wzorzec\project\Debug\link-rc.write.1.tlog
c:\student\nus\wzorzec\project\Debug\link.command.1.tlog
c:\student\nus\wzorzec\project\Debug\link.read.1.tlog
c:\student\nus\wzorzec\project\Debug\link.write.1.tlog
c:\student\nus\wzorzec\project\Debug\rc.command.1.tlog
c:\student\nus\wzorzec\project\Debug\rc.read.1.tlog
c:\student\nus\wzorzec\project\Debug\rc.write.1.tlog
c:\student\nus\wzorzec\project\Debug\MTrackerConsole.res
c:\student\nus\wzorzec\project\Debug\MTrackerConsole.pch
c:\student\nus\wzorzec\project\Debug\vc110.idb
c:\student\nus\wzorzec\project\Debug\vc110.pdb
C:\student\nus\wzorzec\Debug\MTrackerConsole.pdb
C:\student\nus\wzorzec\Debug\MTrackerConsole.exe
C:\student\nus\wzorzec\Debug\MTrackerConsole.ilk
