Build started 2015-11-01 18:17:56.
     1>Project "e:\praca\dydaktyka\nus\lab\mtracker\mtrackerwinconsole\project\MTV4Console.vcxproj" on node 2 (Rebuild target(s)).
     1>ClCompile:
         D:\Program Files (x86)\Microsoft Visual Studio 11.0\VC\bin\CL.exe /c /Iexternal\include /ZI /nologo /W3 /WX- /Od /Oy- /D WIN32 /D _WINDOWS /D _DEBUG /D _MBCS /D _CRT_SECURE_NO_WARNINGS /Gm /EHsc /RTC1 /MTd /GS /arch:SSE2 /fp:precise /Zc:wchar_t /Zc:forScope /Yc"stdafx.h" /Fp"Debug\MTrackerConsole.pch" /Fo"Debug\\" /Fd"Debug\vc110.pdb" /Gd /TP /analyze- /errorReport:prompt stdafx.cpp
         stdafx.cpp
         D:\Program Files (x86)\Microsoft Visual Studio 11.0\VC\bin\CL.exe /c /Iexternal\include /ZI /nologo /W3 /WX- /Od /Oy- /D WIN32 /D _WINDOWS /D _DEBUG /D _MBCS /D _CRT_SECURE_NO_WARNINGS /Gm /EHsc /RTC1 /MTd /GS /arch:SSE2 /fp:precise /Zc:wchar_t /Zc:forScope /Fo"Debug\\" /Fd"Debug\vc110.pdb" /Gd /TP /analyze- /errorReport:prompt controller.cpp crc16.cpp MTrackerCommands.cpp MTrackerConsole.cpp MTrackerConsoleDlg.cpp WinCom.cpp
         WinCom.cpp
         MTrackerConsoleDlg.cpp
         MTrackerConsole.cpp
         MTrackerCommands.cpp
     1>e:\praca\dydaktyka\nus\lab\mtracker\mtrackerwinconsole\project\mtrackercommands.cpp(136): warning C4244: '=' : conversion from 'double' to 'float', possible loss of data
     1>e:\praca\dydaktyka\nus\lab\mtracker\mtrackerwinconsole\project\mtrackercommands.cpp(137): warning C4244: '=' : conversion from 'double' to 'float', possible loss of data
         crc16.cpp
         controller.cpp
         Generating Code...
       ResourceCompile:
         C:\Program Files (x86)\Windows Kits\8.0\bin\x86\rc.exe /D _DEBUG /l"0x0409" /IDebug\ /nologo /fo"Debug\MTrackerConsole.res" MTrackerConsole.rc 
       Link:
         D:\Program Files (x86)\Microsoft Visual Studio 11.0\VC\bin\link.exe /ERRORREPORT:PROMPT /OUT:"E:\praca\dydaktyka\nus\lab\mtracker\mtrackerwinconsole\Debug\MTrackerConsole.exe" /INCREMENTAL /NOLOGO Nafxcwd.lib Libcmtd.lib winmm.lib /NODEFAULTLIB:"Nafxcwd.lib Libcmtd.lib" /MANIFEST /MANIFESTUAC:"level='asInvoker' uiAccess='false'" /manifest:embed /manifestinput:"D:\Program Files (x86)\Microsoft Visual Studio 11.0\VC\Include\Manifest\dpiaware.manifest" /DEBUG /PDB:"E:\praca\dydaktyka\nus\lab\mtracker\mtrackerwinconsole\Debug\MTrackerConsole.pdb" /SUBSYSTEM:WINDOWS /TLBID:1 /DYNAMICBASE /NXCOMPAT /IMPLIB:"E:\praca\dydaktyka\nus\lab\mtracker\mtrackerwinconsole\Debug\MTrackerConsole.lib" /MACHINE:X86 /SAFESEH Debug\MTrackerConsole.res
         Debug\controller.obj
         Debug\crc16.obj
         Debug\MTrackerCommands.obj
         Debug\MTrackerConsole.obj
         Debug\MTrackerConsoleDlg.obj
         Debug\stdafx.obj
         Debug\WinCom.obj
     1>controller.obj : warning LNK4075: ignoring '/EDITANDCONTINUE' due to '/SAFESEH' specification
         MTV4Console.vcxproj -> E:\praca\dydaktyka\nus\lab\mtracker\mtrackerwinconsole\Debug\MTrackerConsole.exe
     1>Done Building Project "e:\praca\dydaktyka\nus\lab\mtracker\mtrackerwinconsole\project\MTV4Console.vcxproj" (Rebuild target(s)).

Build succeeded.

Time Elapsed 00:00:15.70
